C:\USERS\ANTHONY\DOCUMENTS\CAPSTONE\CODE\MIDDLEWARE\LUACPPINTERFACE\LUACPPINTERFACE\DEBUG\LUACOROUTINE.OBJ
C:\USERS\ANTHONY\DOCUMENTS\CAPSTONE\CODE\MIDDLEWARE\LUACPPINTERFACE\LUACPPINTERFACE\DEBUG\LUACPPINTERFACE.OBJ
C:\USERS\ANTHONY\DOCUMENTS\CAPSTONE\CODE\MIDDLEWARE\LUACPPINTERFACE\LUACPPINTERFACE\DEBUG\LUAFUNCTION.OBJ
C:\USERS\ANTHONY\DOCUMENTS\CAPSTONE\CODE\MIDDLEWARE\LUACPPINTERFACE\LUACPPINTERFACE\DEBUG\LUAREFERENCE.OBJ
C:\USERS\ANTHONY\DOCUMENTS\CAPSTONE\CODE\MIDDLEWARE\LUACPPINTERFACE\LUACPPINTERFACE\DEBUG\LUATABLE.OBJ
C:\USERS\ANTHONY\DOCUMENTS\CAPSTONE\CODE\MIDDLEWARE\LUACPPINTERFACE\LUACPPINTERFACE\DEBUG\VC110.PDB
C:\USERS\ANTHONY\DOCUMENTS\CAPSTONE\CODE\LUATEST\DEBUG\LUACPPINTERFACE.LIB
C:\Users\Anthony\Documents\Capstone\Code\MiddleWare\luacppinterface\LuaCppInterface\Debug\luacoroutine.obj
C:\Users\Anthony\Documents\Capstone\Code\MiddleWare\luacppinterface\LuaCppInterface\Debug\luacppinterface.obj
C:\Users\Anthony\Documents\Capstone\Code\MiddleWare\luacppinterface\LuaCppInterface\Debug\luafunction.obj
C:\Users\Anthony\Documents\Capstone\Code\MiddleWare\luacppinterface\LuaCppInterface\Debug\luareference.obj
C:\Users\Anthony\Documents\Capstone\Code\MiddleWare\luacppinterface\LuaCppInterface\Debug\luatable.obj
C:\Users\Anthony\Documents\Capstone\Code\MiddleWare\luacppinterface\LuaCppInterface\Debug\cl.command.1.tlog
C:\Users\Anthony\Documents\Capstone\Code\MiddleWare\luacppinterface\LuaCppInterface\Debug\CL.read.1.tlog
C:\Users\Anthony\Documents\Capstone\Code\MiddleWare\luacppinterface\LuaCppInterface\Debug\CL.write.1.tlog
C:\Users\Anthony\Documents\Capstone\Code\MiddleWare\luacppinterface\LuaCppInterface\Debug\Lib-link.read.1.tlog
C:\Users\Anthony\Documents\Capstone\Code\MiddleWare\luacppinterface\LuaCppInterface\Debug\Lib-link.write.1.tlog
C:\Users\Anthony\Documents\Capstone\Code\MiddleWare\luacppinterface\LuaCppInterface\Debug\lib.command.1.tlog
C:\Users\Anthony\Documents\Capstone\Code\MiddleWare\luacppinterface\LuaCppInterface\Debug\vc110.idb
C:\Users\Anthony\Documents\Capstone\Code\MiddleWare\luacppinterface\LuaCppInterface\Debug\vc110.pdb
C:\Users\Anthony\Documents\Capstone\Code\LUAtest\Debug\LuaCppInterface.lib
