Build started 10/8/2014 1:53:50 PM.
     1>Project "C:\Users\Anthony\Documents\Capstone\Code\MiddleWare\luacppinterface\LuaCppInterface\LuaCppInterface.vcxproj" on node 3 (Rebuild target(s)).
     1>ClCompile:
         C:\Program Files (x86)\Microsoft Visual Studio 11.0\VC\bin\CL.exe /c /I../lua/src/ /I../boost/ /ZI /nologo /W0 /WX- /Od /Oy- /D WIN32 /D _DEBUG /D _CONSOLE /D _UNICODE /D UNICODE /Gm /EHsc /RTC1 /MDd /GS /fp:precise /Zc:wchar_t /Zc:forScope /Fo"Debug\\" /Fd"Debug\vc110.pdb" /Gd /TP /analyze- /errorReport:prompt luacoroutine.cpp luacppinterface.cpp luafunction.cpp luareference.cpp luatable.cpp
         luatable.cpp
         luareference.cpp
         luafunction.cpp
         luacppinterface.cpp
         luacoroutine.cpp
         Generating Code...
       Lib:
         C:\Program Files (x86)\Microsoft Visual Studio 11.0\VC\bin\Lib.exe /OUT:"C:\Users\Anthony\Documents\Capstone\Code\LUAtest\Debug\LuaCppInterface.lib" /NOLOGO Debug\luacoroutine.obj
         Debug\luacppinterface.obj
         Debug\luafunction.obj
         Debug\luareference.obj
         Debug\luatable.obj
         LuaCppInterface.vcxproj -> C:\Users\Anthony\Documents\Capstone\Code\LUAtest\Debug\LuaCppInterface.lib
     1>Done Building Project "C:\Users\Anthony\Documents\Capstone\Code\MiddleWare\luacppinterface\LuaCppInterface\LuaCppInterface.vcxproj" (Rebuild target(s)).

Build succeeded.

Time Elapsed 00:00:03.37
