C:\USERS\ANTHONY\DOCUMENTS\CAPSTONE\CODE\MIDDLEWARE\LUACPPINTERFACE\LUA\DEBUG\LGC.OBJ
C:\USERS\ANTHONY\DOCUMENTS\CAPSTONE\CODE\MIDDLEWARE\LUACPPINTERFACE\LUA\DEBUG\LINIT.OBJ
C:\USERS\ANTHONY\DOCUMENTS\CAPSTONE\CODE\MIDDLEWARE\LUACPPINTERFACE\LUA\DEBUG\LIOLIB.OBJ
C:\USERS\ANTHONY\DOCUMENTS\CAPSTONE\CODE\MIDDLEWARE\LUACPPINTERFACE\LUA\DEBUG\LLEX.OBJ
C:\USERS\ANTHONY\DOCUMENTS\CAPSTONE\CODE\MIDDLEWARE\LUACPPINTERFACE\LUA\DEBUG\LMATHLIB.OBJ
C:\USERS\ANTHONY\DOCUMENTS\CAPSTONE\CODE\MIDDLEWARE\LUACPPINTERFACE\LUA\DEBUG\LMEM.OBJ
C:\USERS\ANTHONY\DOCUMENTS\CAPSTONE\CODE\MIDDLEWARE\LUACPPINTERFACE\LUA\DEBUG\LOADLIB.OBJ
C:\USERS\ANTHONY\DOCUMENTS\CAPSTONE\CODE\MIDDLEWARE\LUACPPINTERFACE\LUA\DEBUG\LOBJECT.OBJ
C:\USERS\ANTHONY\DOCUMENTS\CAPSTONE\CODE\MIDDLEWARE\LUACPPINTERFACE\LUA\DEBUG\LOPCODES.OBJ
C:\USERS\ANTHONY\DOCUMENTS\CAPSTONE\CODE\MIDDLEWARE\LUACPPINTERFACE\LUA\DEBUG\LOSLIB.OBJ
C:\USERS\ANTHONY\DOCUMENTS\CAPSTONE\CODE\MIDDLEWARE\LUACPPINTERFACE\LUA\DEBUG\LPARSER.OBJ
C:\USERS\ANTHONY\DOCUMENTS\CAPSTONE\CODE\MIDDLEWARE\LUACPPINTERFACE\LUA\DEBUG\LSTATE.OBJ
C:\USERS\ANTHONY\DOCUMENTS\CAPSTONE\CODE\MIDDLEWARE\LUACPPINTERFACE\LUA\DEBUG\LSTRING.OBJ
C:\USERS\ANTHONY\DOCUMENTS\CAPSTONE\CODE\MIDDLEWARE\LUACPPINTERFACE\LUA\DEBUG\LSTRLIB.OBJ
C:\USERS\ANTHONY\DOCUMENTS\CAPSTONE\CODE\MIDDLEWARE\LUACPPINTERFACE\LUA\DEBUG\LTABLE.OBJ
C:\USERS\ANTHONY\DOCUMENTS\CAPSTONE\CODE\MIDDLEWARE\LUACPPINTERFACE\LUA\DEBUG\LTABLIB.OBJ
C:\USERS\ANTHONY\DOCUMENTS\CAPSTONE\CODE\MIDDLEWARE\LUACPPINTERFACE\LUA\DEBUG\LTM.OBJ
C:\USERS\ANTHONY\DOCUMENTS\CAPSTONE\CODE\MIDDLEWARE\LUACPPINTERFACE\LUA\DEBUG\LUNDUMP.OBJ
C:\USERS\ANTHONY\DOCUMENTS\CAPSTONE\CODE\MIDDLEWARE\LUACPPINTERFACE\LUA\DEBUG\LVM.OBJ
C:\USERS\ANTHONY\DOCUMENTS\CAPSTONE\CODE\MIDDLEWARE\LUACPPINTERFACE\LUA\DEBUG\LZIO.OBJ
C:\USERS\ANTHONY\DOCUMENTS\CAPSTONE\CODE\MIDDLEWARE\LUACPPINTERFACE\LUA\DEBUG\LAPI.OBJ
C:\USERS\ANTHONY\DOCUMENTS\CAPSTONE\CODE\MIDDLEWARE\LUACPPINTERFACE\LUA\DEBUG\LAUXLIB.OBJ
C:\USERS\ANTHONY\DOCUMENTS\CAPSTONE\CODE\MIDDLEWARE\LUACPPINTERFACE\LUA\DEBUG\LBASELIB.OBJ
C:\USERS\ANTHONY\DOCUMENTS\CAPSTONE\CODE\MIDDLEWARE\LUACPPINTERFACE\LUA\DEBUG\LBITLIB.OBJ
C:\USERS\ANTHONY\DOCUMENTS\CAPSTONE\CODE\MIDDLEWARE\LUACPPINTERFACE\LUA\DEBUG\LCODE.OBJ
C:\USERS\ANTHONY\DOCUMENTS\CAPSTONE\CODE\MIDDLEWARE\LUACPPINTERFACE\LUA\DEBUG\LCOROLIB.OBJ
C:\USERS\ANTHONY\DOCUMENTS\CAPSTONE\CODE\MIDDLEWARE\LUACPPINTERFACE\LUA\DEBUG\LCTYPE.OBJ
C:\USERS\ANTHONY\DOCUMENTS\CAPSTONE\CODE\MIDDLEWARE\LUACPPINTERFACE\LUA\DEBUG\LDBLIB.OBJ
C:\USERS\ANTHONY\DOCUMENTS\CAPSTONE\CODE\MIDDLEWARE\LUACPPINTERFACE\LUA\DEBUG\LDEBUG.OBJ
C:\USERS\ANTHONY\DOCUMENTS\CAPSTONE\CODE\MIDDLEWARE\LUACPPINTERFACE\LUA\DEBUG\LDO.OBJ
C:\USERS\ANTHONY\DOCUMENTS\CAPSTONE\CODE\MIDDLEWARE\LUACPPINTERFACE\LUA\DEBUG\LDUMP.OBJ
C:\USERS\ANTHONY\DOCUMENTS\CAPSTONE\CODE\MIDDLEWARE\LUACPPINTERFACE\LUA\DEBUG\LFUNC.OBJ
C:\USERS\ANTHONY\DOCUMENTS\CAPSTONE\CODE\MIDDLEWARE\LUACPPINTERFACE\LUA\DEBUG\VC110.PDB
C:\USERS\ANTHONY\DOCUMENTS\CAPSTONE\CODE\LUATEST\DEBUG\LUA.LIB
C:\Users\Anthony\Documents\Capstone\Code\MiddleWare\luacppinterface\lua\Debug\lapi.obj
C:\Users\Anthony\Documents\Capstone\Code\MiddleWare\luacppinterface\lua\Debug\lauxlib.obj
C:\Users\Anthony\Documents\Capstone\Code\MiddleWare\luacppinterface\lua\Debug\lbaselib.obj
C:\Users\Anthony\Documents\Capstone\Code\MiddleWare\luacppinterface\lua\Debug\lbitlib.obj
C:\Users\Anthony\Documents\Capstone\Code\MiddleWare\luacppinterface\lua\Debug\lcode.obj
C:\Users\Anthony\Documents\Capstone\Code\MiddleWare\luacppinterface\lua\Debug\lcorolib.obj
C:\Users\Anthony\Documents\Capstone\Code\MiddleWare\luacppinterface\lua\Debug\lctype.obj
C:\Users\Anthony\Documents\Capstone\Code\MiddleWare\luacppinterface\lua\Debug\ldblib.obj
C:\Users\Anthony\Documents\Capstone\Code\MiddleWare\luacppinterface\lua\Debug\ldebug.obj
C:\Users\Anthony\Documents\Capstone\Code\MiddleWare\luacppinterface\lua\Debug\ldo.obj
C:\Users\Anthony\Documents\Capstone\Code\MiddleWare\luacppinterface\lua\Debug\ldump.obj
C:\Users\Anthony\Documents\Capstone\Code\MiddleWare\luacppinterface\lua\Debug\lfunc.obj
C:\Users\Anthony\Documents\Capstone\Code\MiddleWare\luacppinterface\lua\Debug\lgc.obj
C:\Users\Anthony\Documents\Capstone\Code\MiddleWare\luacppinterface\lua\Debug\linit.obj
C:\Users\Anthony\Documents\Capstone\Code\MiddleWare\luacppinterface\lua\Debug\liolib.obj
C:\Users\Anthony\Documents\Capstone\Code\MiddleWare\luacppinterface\lua\Debug\llex.obj
C:\Users\Anthony\Documents\Capstone\Code\MiddleWare\luacppinterface\lua\Debug\lmathlib.obj
C:\Users\Anthony\Documents\Capstone\Code\MiddleWare\luacppinterface\lua\Debug\lmem.obj
C:\Users\Anthony\Documents\Capstone\Code\MiddleWare\luacppinterface\lua\Debug\loadlib.obj
C:\Users\Anthony\Documents\Capstone\Code\MiddleWare\luacppinterface\lua\Debug\lobject.obj
C:\Users\Anthony\Documents\Capstone\Code\MiddleWare\luacppinterface\lua\Debug\lopcodes.obj
C:\Users\Anthony\Documents\Capstone\Code\MiddleWare\luacppinterface\lua\Debug\loslib.obj
C:\Users\Anthony\Documents\Capstone\Code\MiddleWare\luacppinterface\lua\Debug\lparser.obj
C:\Users\Anthony\Documents\Capstone\Code\MiddleWare\luacppinterface\lua\Debug\lstate.obj
C:\Users\Anthony\Documents\Capstone\Code\MiddleWare\luacppinterface\lua\Debug\lstring.obj
C:\Users\Anthony\Documents\Capstone\Code\MiddleWare\luacppinterface\lua\Debug\lstrlib.obj
C:\Users\Anthony\Documents\Capstone\Code\MiddleWare\luacppinterface\lua\Debug\ltable.obj
C:\Users\Anthony\Documents\Capstone\Code\MiddleWare\luacppinterface\lua\Debug\ltablib.obj
C:\Users\Anthony\Documents\Capstone\Code\MiddleWare\luacppinterface\lua\Debug\ltm.obj
C:\Users\Anthony\Documents\Capstone\Code\MiddleWare\luacppinterface\lua\Debug\lundump.obj
C:\Users\Anthony\Documents\Capstone\Code\MiddleWare\luacppinterface\lua\Debug\lvm.obj
C:\Users\Anthony\Documents\Capstone\Code\MiddleWare\luacppinterface\lua\Debug\lzio.obj
C:\Users\Anthony\Documents\Capstone\Code\MiddleWare\luacppinterface\lua\Debug\cl.command.1.tlog
C:\Users\Anthony\Documents\Capstone\Code\MiddleWare\luacppinterface\lua\Debug\CL.read.1.tlog
C:\Users\Anthony\Documents\Capstone\Code\MiddleWare\luacppinterface\lua\Debug\CL.write.1.tlog
C:\Users\Anthony\Documents\Capstone\Code\MiddleWare\luacppinterface\lua\Debug\Lib-link.read.1.tlog
C:\Users\Anthony\Documents\Capstone\Code\MiddleWare\luacppinterface\lua\Debug\Lib-link.write.1.tlog
C:\Users\Anthony\Documents\Capstone\Code\MiddleWare\luacppinterface\lua\Debug\lib.command.1.tlog
C:\Users\Anthony\Documents\Capstone\Code\MiddleWare\luacppinterface\lua\Debug\vc110.idb
C:\Users\Anthony\Documents\Capstone\Code\MiddleWare\luacppinterface\lua\Debug\vc110.pdb
C:\Users\Anthony\Documents\Capstone\Code\LUAtest\Debug\lua.lib
